<?xml version="1.0" encoding="UTF-8"?>
<testsuite name="com.example.gym_project.GymProjectApplicationTests" tests="1" skipped="0" failures="0" errors="0" timestamp="2021-01-26T00:55:27" hostname="thiago-Predator-PH315-52" time="0.207">
  <properties/>
  <testcase name="contextLoads()" classname="com.example.gym_project.GymProjectApplicationTests" time="0.207"/>
  <system-out><![CDATA[21:55:27.024 [Test worker] DEBUG org.springframework.test.context.BootstrapUtils - Instantiating CacheAwareContextLoaderDelegate from class [org.springframework.test.context.cache.DefaultCacheAwareContextLoaderDelegate]
21:55:27.032 [Test worker] DEBUG org.springframework.test.context.BootstrapUtils - Instantiating BootstrapContext using constructor [public org.springframework.test.context.support.DefaultBootstrapContext(java.lang.Class,org.springframework.test.context.CacheAwareContextLoaderDelegate)]
21:55:27.054 [Test worker] DEBUG org.springframework.test.context.BootstrapUtils - Instantiating TestContextBootstrapper for test class [com.example.gym_project.GymProjectApplicationTests] from class [org.springframework.boot.test.context.SpringBootTestContextBootstrapper]
21:55:27.061 [Test worker] INFO org.springframework.boot.test.context.SpringBootTestContextBootstrapper - Neither @ContextConfiguration nor @ContextHierarchy found for test class [com.example.gym_project.GymProjectApplicationTests], using SpringBootContextLoader
21:55:27.064 [Test worker] DEBUG org.springframework.test.context.support.AbstractContextLoader - Did not detect default resource location for test class [com.example.gym_project.GymProjectApplicationTests]: class path resource [com/example/gym_project/GymProjectApplicationTests-context.xml] does not exist
21:55:27.064 [Test worker] DEBUG org.springframework.test.context.support.AbstractContextLoader - Did not detect default resource location for test class [com.example.gym_project.GymProjectApplicationTests]: class path resource [com/example/gym_project/GymProjectApplicationTestsContext.groovy] does not exist
21:55:27.064 [Test worker] INFO org.springframework.test.context.support.AbstractContextLoader - Could not detect default resource locations for test class [com.example.gym_project.GymProjectApplicationTests]: no resource found for suffixes {-context.xml, Context.groovy}.
21:55:27.065 [Test worker] INFO org.springframework.test.context.support.AnnotationConfigContextLoaderUtils - Could not detect default configuration classes for test class [com.example.gym_project.GymProjectApplicationTests]: GymProjectApplicationTests does not declare any static, non-private, non-final, nested classes annotated with @Configuration.
21:55:27.088 [Test worker] DEBUG org.springframework.test.context.support.ActiveProfilesUtils - Could not find an 'annotation declaring class' for annotation type [org.springframework.test.context.ActiveProfiles] and class [com.example.gym_project.GymProjectApplicationTests]
21:55:27.119 [Test worker] DEBUG org.springframework.context.annotation.ClassPathScanningCandidateComponentProvider - Identified candidate component class: file [/home/thiago/IdeaProjects/gym_project/build/classes/kotlin/main/com/example/gym_project/GymProjectApplication.class]
21:55:27.120 [Test worker] INFO org.springframework.boot.test.context.SpringBootTestContextBootstrapper - Found @SpringBootConfiguration com.example.gym_project.GymProjectApplication for test class com.example.gym_project.GymProjectApplicationTests
21:55:27.167 [Test worker] DEBUG org.springframework.boot.test.context.SpringBootTestContextBootstrapper - @TestExecutionListeners is not present for class [com.example.gym_project.GymProjectApplicationTests]: using defaults.
21:55:27.167 [Test worker] INFO org.springframework.boot.test.context.SpringBootTestContextBootstrapper - Loaded default TestExecutionListener class names from location [META-INF/spring.factories]: [org.springframework.boot.test.autoconfigure.restdocs.RestDocsTestExecutionListener, org.springframework.boot.test.autoconfigure.web.client.MockRestServiceServerResetTestExecutionListener, org.springframework.boot.test.autoconfigure.web.servlet.MockMvcPrintOnlyOnFailureTestExecutionListener, org.springframework.boot.test.autoconfigure.web.servlet.WebDriverTestExecutionListener, org.springframework.boot.test.autoconfigure.webservices.client.MockWebServiceServerTestExecutionListener, org.springframework.boot.test.mock.mockito.MockitoTestExecutionListener, org.springframework.boot.test.mock.mockito.ResetMocksTestExecutionListener, org.springframework.test.context.web.ServletTestExecutionListener, org.springframework.test.context.support.DirtiesContextBeforeModesTestExecutionListener, org.springframework.test.context.event.ApplicationEventsTestExecutionListener, org.springframework.test.context.support.DependencyInjectionTestExecutionListener, org.springframework.test.context.support.DirtiesContextTestExecutionListener, org.springframework.test.context.transaction.TransactionalTestExecutionListener, org.springframework.test.context.jdbc.SqlScriptsTestExecutionListener, org.springframework.test.context.event.EventPublishingTestExecutionListener]
21:55:27.172 [Test worker] DEBUG org.springframework.boot.test.context.SpringBootTestContextBootstrapper - Skipping candidate TestExecutionListener [org.springframework.test.context.web.ServletTestExecutionListener] due to a missing dependency. Specify custom listener classes or make the default listener classes and their required dependencies available. Offending class: [javax/servlet/ServletContext]
21:55:27.173 [Test worker] DEBUG org.springframework.boot.test.context.SpringBootTestContextBootstrapper - Skipping candidate TestExecutionListener [org.springframework.test.context.transaction.TransactionalTestExecutionListener] due to a missing dependency. Specify custom listener classes or make the default listener classes and their required dependencies available. Offending class: [org/springframework/transaction/interceptor/TransactionAttributeSource]
21:55:27.173 [Test worker] DEBUG org.springframework.boot.test.context.SpringBootTestContextBootstrapper - Skipping candidate TestExecutionListener [org.springframework.test.context.jdbc.SqlScriptsTestExecutionListener] due to a missing dependency. Specify custom listener classes or make the default listener classes and their required dependencies available. Offending class: [org/springframework/transaction/interceptor/TransactionAttribute]
21:55:27.173 [Test worker] INFO org.springframework.boot.test.context.SpringBootTestContextBootstrapper - Using TestExecutionListeners: [org.springframework.test.context.support.DirtiesContextBeforeModesTestExecutionListener@749a713d, org.springframework.test.context.event.ApplicationEventsTestExecutionListener@20364ed1, org.springframework.boot.test.mock.mockito.MockitoTestExecutionListener@4c61315a, org.springframework.boot.test.autoconfigure.SpringBootDependencyInjectionTestExecutionListener@542babf5, org.springframework.test.context.support.DirtiesContextTestExecutionListener@731f2bd4, org.springframework.test.context.event.EventPublishingTestExecutionListener@614da3a0, org.springframework.boot.test.autoconfigure.restdocs.RestDocsTestExecutionListener@24e3a532, org.springframework.boot.test.autoconfigure.web.client.MockRestServiceServerResetTestExecutionListener@2d9ed658, org.springframework.boot.test.autoconfigure.web.servlet.MockMvcPrintOnlyOnFailureTestExecutionListener@275519b4, org.springframework.boot.test.autoconfigure.web.servlet.WebDriverTestExecutionListener@2b09fe5d, org.springframework.boot.test.autoconfigure.webservices.client.MockWebServiceServerTestExecutionListener@12fa143b, org.springframework.boot.test.mock.mockito.ResetMocksTestExecutionListener@490d3c2a]
21:55:27.175 [Test worker] DEBUG org.springframework.test.context.support.AbstractDirtiesContextTestExecutionListener - Before test class: context [DefaultTestContext@1d433816 testClass = GymProjectApplicationTests, testInstance = [null], testMethod = [null], testException = [null], mergedContextConfiguration = [MergedContextConfiguration@3cdb143f testClass = GymProjectApplicationTests, locations = '{}', classes = '{class com.example.gym_project.GymProjectApplication}', contextInitializerClasses = '[]', activeProfiles = '{}', propertySourceLocations = '{}', propertySourceProperties = '{org.springframework.boot.test.context.SpringBootTestContextBootstrapper=true}', contextCustomizers = set[org.springframework.boot.test.autoconfigure.actuate.metrics.MetricsExportContextCustomizerFactory$DisableMetricExportContextCustomizer@623eecd3, org.springframework.boot.test.autoconfigure.properties.PropertyMappingContextCustomizer@0, org.springframework.boot.test.autoconfigure.web.servlet.WebDriverContextCustomizerFactory$Customizer@3eded325, org.springframework.boot.test.context.filter.ExcludeFilterContextCustomizer@45cef400, org.springframework.boot.test.json.DuplicateJsonObjectContextCustomizerFactory$DuplicateJsonObjectContextCustomizer@17e1aee6, org.springframework.boot.test.mock.mockito.MockitoContextCustomizer@0, org.springframework.boot.test.web.client.TestRestTemplateContextCustomizer@10a2f0ee, org.springframework.boot.test.context.SpringBootTestArgs@1, org.springframework.boot.test.context.SpringBootTestWebEnvironment@4f8ad619], contextLoader = 'org.springframework.boot.test.context.SpringBootContextLoader', parent = [null]], attributes = map[[empty]]], class annotated with @DirtiesContext [false] with mode [null].
21:55:27.184 [Test worker] DEBUG org.springframework.test.context.support.DependencyInjectionTestExecutionListener - Performing dependency injection for test context [[DefaultTestContext@1d433816 testClass = GymProjectApplicationTests, testInstance = com.example.gym_project.GymProjectApplicationTests@4ab93cf7, testMethod = [null], testException = [null], mergedContextConfiguration = [MergedContextConfiguration@3cdb143f testClass = GymProjectApplicationTests, locations = '{}', classes = '{class com.example.gym_project.GymProjectApplication}', contextInitializerClasses = '[]', activeProfiles = '{}', propertySourceLocations = '{}', propertySourceProperties = '{org.springframework.boot.test.context.SpringBootTestContextBootstrapper=true}', contextCustomizers = set[org.springframework.boot.test.autoconfigure.actuate.metrics.MetricsExportContextCustomizerFactory$DisableMetricExportContextCustomizer@623eecd3, org.springframework.boot.test.autoconfigure.properties.PropertyMappingContextCustomizer@0, org.springframework.boot.test.autoconfigure.web.servlet.WebDriverContextCustomizerFactory$Customizer@3eded325, org.springframework.boot.test.context.filter.ExcludeFilterContextCustomizer@45cef400, org.springframework.boot.test.json.DuplicateJsonObjectContextCustomizerFactory$DuplicateJsonObjectContextCustomizer@17e1aee6, org.springframework.boot.test.mock.mockito.MockitoContextCustomizer@0, org.springframework.boot.test.web.client.TestRestTemplateContextCustomizer@10a2f0ee, org.springframework.boot.test.context.SpringBootTestArgs@1, org.springframework.boot.test.context.SpringBootTestWebEnvironment@4f8ad619], contextLoader = 'org.springframework.boot.test.context.SpringBootContextLoader', parent = [null]], attributes = map['org.springframework.test.context.event.ApplicationEventsTestExecutionListener.recordApplicationEvents' -> false]]].
21:55:27.195 [Test worker] DEBUG org.springframework.test.context.support.TestPropertySourceUtils - Adding inlined properties to environment: {spring.jmx.enabled=false, org.springframework.boot.test.context.SpringBootTestContextBootstrapper=true}

  .   ____          _            __ _ _
 /\\ / ___'_ __ _ _(_)_ __  __ _ \ \ \ \
( ( )\___ | '_ | '_| | '_ \/ _` | \ \ \ \
 \\/  ___)| |_)| | | | | || (_| |  ) ) ) )
  '  |____| .__|_| |_|_| |_\__, | / / / /
 =========|_|==============|___/=/_/_/_/
 :: Spring Boot ::                (v2.4.2)

2021-01-25 21:55:27.335  INFO 30144 --- [    Test worker] c.e.g.GymProjectApplicationTests         : Starting GymProjectApplicationTests using Java 15.0.2 on thiago-Predator-PH315-52 with PID 30144 (started by thiago in /home/thiago/IdeaProjects/gym_project)
2021-01-25 21:55:27.337  INFO 30144 --- [    Test worker] c.e.g.GymProjectApplicationTests         : No active profile set, falling back to default profiles: default
2021-01-25 21:55:27.581  INFO 30144 --- [    Test worker] c.e.g.GymProjectApplicationTests         : Started GymProjectApplicationTests in 0.384 seconds (JVM running for 0.98)
]]></system-out>
  <system-err><![CDATA[]]></system-err>
</testsuite>
